14:58:15 INFO  : Registering command handlers for SDK TCF services
14:58:16 INFO  : Launching XSCT server: xsct.bat -interactive U:\hlocal\PR2_SE\SDK\temp_xsdb_launch_script.tcl
14:58:20 INFO  : XSCT server has started successfully.
14:58:28 INFO  : Successfully done setting XSCT server connection channel  
14:58:28 INFO  : Successfully done setting SDK workspace  
14:58:28 WARN  : Couldn't find target with name: Local
14:58:29 ERROR : (XSDB Server)ERROR: [Hsi 55-1594] Core cpu of version 1.13.a not found in repositories
ERROR: [Hsi 55-1594] Core bram of version 3.01.a not found in repositories

14:58:29 ERROR : (XSDB Server)ERROR: [Hsi 55-1594] Core gpio of version 3.00.a not found in repositories
ERROR: [Hsi 55-1594] Core gpio of version 3.00.a not found in repositories
ERROR: [Hsi 55-1594] Core uartlite of version 2.00.a not found in repositories
ERROR: [Hsi 55-1594] Core standalone of version 3.05.a not found in repositories

14:58:29 ERROR : (XSDB Server)ERROR: [Hsi 55-1452] Error: running open_sw_design.

14:58:29 ERROR :  [Common 17-39] 'hsi::open_sw_design' failed due to earlier errors.
14:58:29 ERROR : (XSDB Server)ERROR: [Hsi 55-1594] Core cpu of version 1.13.a not found in repositories
ERROR: [Hsi 55-1594] Core bram of version 3.01.a not found in repositories

14:58:29 ERROR : (XSDB Server)ERROR: [Hsi 55-1594] Core gpio of version 3.00.a not found in repositories
ERROR: [Hsi 55-1594] Core gpio of version 3.00.a not found in repositories
ERROR: [Hsi 55-1594] Core uartlite of version 2.00.a not found in repositories

14:58:29 ERROR : (XSDB Server)ERROR: [Hsi 55-1594] Core standalone of version 3.05.a not found in repositories
ERROR: [Hsi 55-1452] Error: running open_sw_design.

14:58:29 INFO  : Unable to read in MSS file U:\hlocal\PR2_SE\SDK\peripheral_tests_bsp_0\system.mss : null
14:58:30 ERROR : (XSDB Server)ERROR: [Hsi 55-1594] Core cpu of version 1.13.a not found in repositories
ERROR: [Hsi 55-1594] Core bram of version 3.01.a not found in repositories

14:58:30 ERROR : (XSDB Server)ERROR: [Hsi 55-1594] Core gpio of version 3.00.a not found in repositories
ERROR: [Hsi 55-1594] Core gpio of version 3.00.a not found in repositories
ERROR: [Hsi 55-1594] Core uartlite of version 2.00.a not found in repositories

14:58:30 ERROR : (XSDB Server)ERROR: [Hsi 55-1594] Core standalone of version 3.05.a not found in repositories
ERROR: [Hsi 55-1452] Error: running open_sw_design.

14:58:30 ERROR : Failed in generating sources
14:58:30 INFO  : BSP Project P/peripheral_tests_bsp_0 has been successfully migrated.
14:58:48 INFO  : Connected to target on host '127.0.0.1' and port '3121'.
15:00:09 ERROR : (XSDB Server)ERROR: [Hsi 55-1594] Core cpu of version 1.13.a not found in repositories
ERROR: [Hsi 55-1594] Core bram of version 3.01.a not found in repositories

15:00:09 ERROR : (XSDB Server)ERROR: [Hsi 55-1594] Core gpio of version 3.00.a not found in repositories
ERROR: [Hsi 55-1594] Core gpio of version 3.00.a not found in repositories
ERROR: [Hsi 55-1594] Core uartlite of version 2.00.a not found in repositories
ERROR: [Hsi 55-1594] Core standalone of version 3.05.a not found in repositories
ERROR: [Hsi 55-1452] Error: running open_sw_design.

15:00:09 ERROR :  [Common 17-39] 'hsi::open_sw_design' failed due to earlier errors.
15:00:09 ERROR : (XSDB Server)ERROR: [Hsi 55-1594] Core cpu of version 1.13.a not found in repositories

15:00:09 ERROR : (XSDB Server)ERROR: [Hsi 55-1594] Core bram of version 3.01.a not found in repositories
ERROR: [Hsi 55-1594] Core gpio of version 3.00.a not found in repositories
ERROR: [Hsi 55-1594] Core gpio of version 3.00.a not found in repositories

15:00:09 ERROR : (XSDB Server)ERROR: [Hsi 55-1594] Core uartlite of version 2.00.a not found in repositories
ERROR: [Hsi 55-1594] Core standalone of version 3.05.a not found in repositories

15:00:09 ERROR : (XSDB Server)ERROR: [Hsi 55-1452] Error: running open_sw_design.

15:00:09 INFO  : Unable to read in MSS file U:\hlocal\PR2_SE\SDK\peripheral_tests_bsp_0\system.mss : null
15:00:09 ERROR : (XSDB Server)ERROR: [Hsi 55-1594] Core cpu of version 1.13.a not found in repositories
ERROR: [Hsi 55-1594] Core bram of version 3.01.a not found in repositories

15:00:09 ERROR : (XSDB Server)ERROR: [Hsi 55-1594] Core gpio of version 3.00.a not found in repositories
ERROR: [Hsi 55-1594] Core gpio of version 3.00.a not found in repositories
ERROR: [Hsi 55-1594] Core uartlite of version 2.00.a not found in repositories
ERROR: [Hsi 55-1594] Core standalone of version 3.05.a not found in repositories
ERROR: [Hsi 55-1452] Error: running open_sw_design.

15:00:09 ERROR : (XSDB Server)ERROR: [Hsi 55-1594] Core cpu of version 1.13.a not found in repositories
ERROR: [Hsi 55-1594] Core bram of version 3.01.a not found in repositories

15:00:09 ERROR : (XSDB Server)ERROR: [Hsi 55-1594] Core gpio of version 3.00.a not found in repositories
ERROR: [Hsi 55-1594] Core gpio of version 3.00.a not found in repositories
ERROR: [Hsi 55-1594] Core uartlite of version 2.00.a not found in repositories

15:00:09 ERROR : (XSDB Server)ERROR: [Hsi 55-1594] Core standalone of version 3.05.a not found in repositories
ERROR: [Hsi 55-1452] Error: running open_sw_design.

15:00:09 ERROR : (XSDB Server)ERROR: [Hsi 55-1594] Core cpu of version 1.13.a not found in repositories
ERROR: [Hsi 55-1594] Core bram of version 3.01.a not found in repositories

15:00:09 ERROR : (XSDB Server)ERROR: [Hsi 55-1594] Core gpio of version 3.00.a not found in repositories
ERROR: [Hsi 55-1594] Core gpio of version 3.00.a not found in repositories
ERROR: [Hsi 55-1594] Core uartlite of version 2.00.a not found in repositories
ERROR: [Hsi 55-1594] Core standalone of version 3.05.a not found in repositories

15:00:09 ERROR : (XSDB Server)ERROR: [Hsi 55-1452] Error: running open_sw_design.

15:00:09 ERROR :  [Common 17-39] 'hsi::open_sw_design' failed due to earlier errors.
15:00:09 ERROR : (XSDB Server)ERROR: [Hsi 55-1594] Core cpu of version 1.13.a not found in repositories
ERROR: [Hsi 55-1594] Core bram of version 3.01.a not found in repositories

15:00:09 ERROR : (XSDB Server)ERROR: [Hsi 55-1594] Core gpio of version 3.00.a not found in repositories
ERROR: [Hsi 55-1594] Core gpio of version 3.00.a not found in repositories
ERROR: [Hsi 55-1594] Core uartlite of version 2.00.a not found in repositories

15:00:09 ERROR : (XSDB Server)ERROR: [Hsi 55-1594] Core standalone of version 3.05.a not found in repositories
ERROR: [Hsi 55-1452] Error: running open_sw_design.

15:00:09 INFO  : Unable to read in MSS file U:\hlocal\PR2_SE\SDK\peripheral_tests_bsp_0\system.mss : null
15:00:09 ERROR : (XSDB Server)ERROR: [Hsi 55-1594] Core cpu of version 1.13.a not found in repositories
ERROR: [Hsi 55-1594] Core bram of version 3.01.a not found in repositories

15:00:09 ERROR : (XSDB Server)ERROR: [Hsi 55-1594] Core gpio of version 3.00.a not found in repositories
ERROR: [Hsi 55-1594] Core gpio of version 3.00.a not found in repositories
ERROR: [Hsi 55-1594] Core uartlite of version 2.00.a not found in repositories

15:00:09 ERROR : (XSDB Server)ERROR: [Hsi 55-1594] Core standalone of version 3.05.a not found in repositories
ERROR: [Hsi 55-1452] Error: running open_sw_design.

15:00:09 ERROR : Failed to closesw "U:/hlocal/PR2_SE/SDK/peripheral_tests_bsp_0/system.mss"
Reason: Cannot close sw design 'U:/hlocal/PR2_SE/SDK/peripheral_tests_bsp_0/system.mss'.
Design is not opened in the current session.


13:46:37 INFO  : Launching XSCT server: xsct.bat -interactive U:\hlocal\PR2_SE\SDK\temp_xsdb_launch_script.tcl
13:46:42 INFO  : XSCT server has started successfully.
13:46:42 INFO  : Successfully done setting XSCT server connection channel  
13:46:46 INFO  : Successfully done setting SDK workspace  
13:46:48 INFO  : Registering command handlers for SDK TCF services
13:46:54 ERROR : (XSDB Server)ERROR: [Hsi 55-1594] Core cpu of version 1.13.a not found in repositories
ERROR: [Hsi 55-1594] Core bram of version 3.01.a not found in repositories

13:46:54 ERROR : (XSDB Server)ERROR: [Hsi 55-1594] Core gpio of version 3.00.a not found in repositories
ERROR: [Hsi 55-1594] Core gpio of version 3.00.a not found in repositories
ERROR: [Hsi 55-1594] Core uartlite of version 2.00.a not found in repositories
ERROR: [Hsi 55-1594] Core standalone of version 3.05.a not found in repositories

13:46:54 ERROR : (XSDB Server)ERROR: [Hsi 55-1452] Error: running open_sw_design.

13:46:54 ERROR :  [Common 17-39] 'hsi::open_sw_design' failed due to earlier errors.
13:46:54 ERROR : (XSDB Server)ERROR: [Hsi 55-1594] Core cpu of version 1.13.a not found in repositories

13:46:54 ERROR : (XSDB Server)ERROR: [Hsi 55-1594] Core bram of version 3.01.a not found in repositories
ERROR: [Hsi 55-1594] Core gpio of version 3.00.a not found in repositories
ERROR: [Hsi 55-1594] Core gpio of version 3.00.a not found in repositories
ERROR: [Hsi 55-1594] Core uartlite of version 2.00.a not found in repositories

13:46:54 ERROR : (XSDB Server)ERROR: [Hsi 55-1594] Core standalone of version 3.05.a not found in repositories
ERROR: [Hsi 55-1452] Error: running open_sw_design.

13:46:54 INFO  : Unable to read in MSS file U:\hlocal\PR2_SE\SDK\peripheral_tests_bsp_1\system.mss : null
13:46:54 ERROR : (XSDB Server)ERROR: [Hsi 55-1594] Core cpu of version 1.13.a not found in repositories

13:46:54 ERROR : (XSDB Server)ERROR: [Hsi 55-1594] Core bram of version 3.01.a not found in repositories
ERROR: [Hsi 55-1594] Core gpio of version 3.00.a not found in repositories
ERROR: [Hsi 55-1594] Core gpio of version 3.00.a not found in repositories

13:46:54 ERROR : (XSDB Server)ERROR: [Hsi 55-1594] Core uartlite of version 2.00.a not found in repositories
ERROR: [Hsi 55-1594] Core standalone of version 3.05.a not found in repositories

13:46:54 ERROR : (XSDB Server)ERROR: [Hsi 55-1452] Error: running open_sw_design.

13:46:54 ERROR : Failed in generating sources
13:46:54 INFO  : BSP Project P/peripheral_tests_bsp_1 has been successfully migrated.
